\BOOKMARK [0][-]{chapter.1}{Einf\374hrung}{}% 1
\BOOKMARK [1][-]{section.1.1}{Projektbeschreibung}{chapter.1}% 2
\BOOKMARK [1][-]{section.1.2}{Anforderungen}{chapter.1}% 3
\BOOKMARK [0][-]{chapter.2}{State of the Art}{}% 4
\BOOKMARK [1][-]{section.2.1}{Kriterien der Analyse}{chapter.2}% 5
\BOOKMARK [1][-]{section.2.2}{Hybrider Ansatz}{chapter.2}% 6
\BOOKMARK [1][-]{section.2.3}{Interpretierter Ansatz}{chapter.2}% 7
\BOOKMARK [1][-]{section.2.4}{\334bersetzender Ansatz}{chapter.2}% 8
\BOOKMARK [1][-]{section.2.5}{Nativer Ansatz}{chapter.2}% 9
\BOOKMARK [1][-]{section.2.6}{Auswertung}{chapter.2}% 10
\BOOKMARK [0][-]{chapter.3}{Entwicklung}{}% 11
\BOOKMARK [1][-]{section.3.1}{Entwicklungsspezifikationen}{chapter.3}% 12
\BOOKMARK [1][-]{section.3.2}{Design-Entwurf}{chapter.3}% 13
\BOOKMARK [1][-]{section.3.3}{Architektur}{chapter.3}% 14
\BOOKMARK [0][-]{chapter.4}{Implementierung}{}% 15
\BOOKMARK [1][-]{section.4.1}{Android Applikation}{chapter.4}% 16
\BOOKMARK [1][-]{section.4.2}{Windows Phone Applikation}{chapter.4}% 17
\BOOKMARK [0][-]{chapter.5}{Reflexion}{}% 18
\BOOKMARK [1][-]{section.5.1}{Native-Entwicklung}{chapter.5}% 19
\BOOKMARK [1][-]{section.5.2}{Auswahl des Entwicklungsansatzes}{chapter.5}% 20
\BOOKMARK [1][-]{section.5.3}{Schlusswort}{chapter.5}% 21
\BOOKMARK [0][-]{appendix.A}{Diagramme und Bilder}{}% 22
\BOOKMARK [1][-]{section.A.1}{\334bersicht}{appendix.A}% 23
